No configuration for route "/blog/:id" found. Skipping

----------------------------------
Using stored unhandled routes!.
   To discover new routes in the angular app use "npm run scully -- --scanRoutes"
----------------------------------No configuration for route "/blog/:id" found. Skipping


----------------------------------
Using stored unhandled routes!.
   To discover new routes in the angular app use "npm run scully -- --scanRoutes"
----------------------------------No configuration for route "/blog/:id" found. Skipping


----------------------------------
Using stored unhandled routes!.
   To discover new routes in the angular app use "npm run scully -- --scanRoutes"
----------------------------------
Closed serversReceived Kill command


----------------------------------
Using stored unhandled routes!.
   To discover new routes in the angular app use "npm run scully -- --scanRoutes"
----------------------------------

----------------------------------
Using stored unhandled routes!.
   To discover new routes in the angular app use "npm run scully -- --scanRoutes"
----------------------------------

----------------------------------
Using stored unhandled routes!.
   To discover new routes in the angular app use "npm run scully -- --scanRoutes"
----------------------------------

----------------------------------
Using stored unhandled routes!.
   To discover new routes in the angular app use "npm run scully -- --scanRoutes"
----------------------------------

----------------------------------
Using stored unhandled routes!.
   To discover new routes in the angular app use "npm run scully -- --scanRoutes"
----------------------------------

----------------------------------
Using stored unhandled routes!.
   To discover new routes in the angular app use "npm run scully -- --scanRoutes"
----------------------------------

----------------------------------
Using stored unhandled routes!.
   To discover new routes in the angular app use "npm run scully -- --scanRoutes"
----------------------------------

----------------------------------
Using stored unhandled routes!.
   To discover new routes in the angular app use "npm run scully -- --scanRoutes"
----------------------------------

----------------------------------
Using stored unhandled routes!.
   To discover new routes in the angular app use "npm run scully -- --scanRoutes"
----------------------------------

----------------------------------
Using stored unhandled routes!.
   To discover new routes in the angular app use "npm run scully -- --scanRoutes"
----------------------------------

----------------------------------
Using stored unhandled routes!.
   To discover new routes in the angular app use "npm run scully -- --scanRoutes"
----------------------------------

----------------------------------
Using stored unhandled routes!.
   To discover new routes in the angular app use "npm run scully -- --scanRoutes"
----------------------------------

----------------------------------
Using stored unhandled routes!.
   To discover new routes in the angular app use "npm run scully -- --scanRoutes"
----------------------------------

----------------------------------
Using stored unhandled routes!.
   To discover new routes in the angular app use "npm run scully -- --scanRoutes"
----------------------------------

----------------------------------
Using stored unhandled routes!.
   To discover new routes in the angular app use "npm run scully -- --scanRoutes"
----------------------------------

----------------------------------
Using stored unhandled routes!.
   To discover new routes in the angular app use "npm run scully -- --scanRoutes"
----------------------------------

----------------------------------
Using stored unhandled routes!.
   To discover new routes in the angular app use "npm run scully -- --scanRoutes"
----------------------------------

----------------------------------
Using stored unhandled routes!.
   To discover new routes in the angular app use "npm run scully -- --scanRoutes"
----------------------------------

----------------------------------
Using stored unhandled routes!.
   To discover new routes in the angular app use "npm run scully -- --scanRoutes"
----------------------------------

----------------------------------
Using stored unhandled routes!.
   To discover new routes in the angular app use "npm run scully -- --scanRoutes"
----------------------------------

----------------------------------
Using stored unhandled routes!.
   To discover new routes in the angular app use "npm run scully -- --scanRoutes"
----------------------------------
Received Kill commandClosed servers


----------------------------------
Using stored unhandled routes!.
   To discover new routes in the angular app use "npm run scully -- --scanRoutes"
----------------------------------

----------------------------------
Using stored unhandled routes!.
   To discover new routes in the angular app use "npm run scully -- --scanRoutes"
----------------------------------

**********************************************************
**********************************************************
You are using "WSL" as a terminal, if you get an
error please read the pre-requisites for Microsoft WSL.
https://scully.io/docs/learn/getting-started/installation/
**********************************************************
**********************************************************
      

**********************************************************
**********************************************************
You are using "WSL" as a terminal, if you get an
error please read the pre-requisites for Microsoft WSL.
https://scully.io/docs/learn/getting-started/installation/
**********************************************************
**********************************************************
      

**********************************************************
**********************************************************
You are using "WSL" as a terminal, if you get an
error please read the pre-requisites for Microsoft WSL.
https://scully.io/docs/learn/getting-started/installation/
**********************************************************
**********************************************************
      

**********************************************************
**********************************************************
You are using "WSL" as a terminal, if you get an
error please read the pre-requisites for Microsoft WSL.
https://scully.io/docs/learn/getting-started/installation/
**********************************************************
**********************************************************
      

----------------------------------
Using stored unhandled routes!.
   To discover new routes in the angular app use "npm run scully -- --scanRoutes"
----------------------------------

**********************************************************
**********************************************************
You are using "WSL" as a terminal, if you get an
error please read the pre-requisites for Microsoft WSL.
https://scully.io/docs/learn/getting-started/installation/
**********************************************************
**********************************************************
      

----------------------------------
Using stored unhandled routes!.
   To discover new routes in the angular app use "npm run scully -- --scanRoutes"
----------------------------------

**********************************************************
**********************************************************
You are using "WSL" as a terminal, if you get an
error please read the pre-requisites for Microsoft WSL.
https://scully.io/docs/learn/getting-started/installation/
**********************************************************
**********************************************************
      

----------------------------------
Using stored unhandled routes!.
   To discover new routes in the angular app use "npm run scully -- --scanRoutes"
----------------------------------

**********************************************************
**********************************************************
You are using "WSL" as a terminal, if you get an
error please read the pre-requisites for Microsoft WSL.
https://scully.io/docs/learn/getting-started/installation/
**********************************************************
**********************************************************
      

----------------------------------
Using stored unhandled routes!.
   To discover new routes in the angular app use "npm run scully -- --scanRoutes"
----------------------------------No configuration for route "/blog/:id" found. Skipping


**********************************************************
**********************************************************
You are using "WSL" as a terminal, if you get an
error please read the pre-requisites for Microsoft WSL.
https://scully.io/docs/learn/getting-started/installation/
**********************************************************
**********************************************************
      

----------------------------------
Using stored unhandled routes!.
   To discover new routes in the angular app use "npm run scully -- --scanRoutes"
----------------------------------No configuration for route "/blog/:id" found. Skipping

  route: . Try 1 failed with Error: timeout on   route: /blog. Try 1 failed with Error: timeout on /blog

  route: . Try 2 failed with Error: timeout on   route: /blog. Try 2 failed with Error: timeout on /blog

  route: . Try 3 failed with Error: timeout on   route: /blog. Try 3 failed with Error: timeout on /blog
**********************************************************
**********************************************************
You are using "WSL" as a terminal, if you get an
error please read the pre-requisites for Microsoft WSL.
https://scully.io/docs/learn/getting-started/installation/
**********************************************************
**********************************************************
      

----------------------------------
Using stored unhandled routes!.
   To discover new routes in the angular app use "npm run scully -- --scanRoutes"
----------------------------------

**********************************************************
**********************************************************
You are using "WSL" as a terminal, if you get an
error please read the pre-requisites for Microsoft WSL.
https://scully.io/docs/learn/getting-started/installation/
**********************************************************
**********************************************************
      

----------------------------------
Using stored unhandled routes!.
   To discover new routes in the angular app use "npm run scully -- --scanRoutes"
----------------------------------No configuration for route "/blog/:id" found. Skipping

